  Shader.cpp
  MeshShader.cpp
  GameScene.cpp
  EntityMesh.cpp
e:\project\dxengine\dxengine\entitymesh.cpp(1066): warning C4244: '인수': 'int'에서 'float'(으)로 변환하면서 데이터가 손실될 수 있습니다.
e:\project\dxengine\dxengine\entitymesh.cpp(1067): warning C4244: '인수': 'int'에서 'float'(으)로 변환하면서 데이터가 손실될 수 있습니다.
  코드를 생성하고 있습니다...
  컴파일하고 있습니다...
  Engine.cpp
  코드를 생성하고 있습니다...
LINK : warning LNK4098: 'MSVCRT' defaultlib가 다른 라이브러리와 충돌합니다. /NODEFAULTLIB:library를 사용하십시오.
DirectXTex.lib(BC.obj) : warning LNK4099: 'DirectXTex.pdb' PDB를 'DirectXTex.lib(BC.obj)' 또는 'E:\Project\DXEngine\Debug\DirectXTex.pdb'에서 찾을 수 없습니다. 디버그 정보가 없는 것처럼 개체를 링크합니다.
DirectXTex.lib(BC4BC5.obj) : warning LNK4099: 'DirectXTex.pdb' PDB를 'DirectXTex.lib(BC4BC5.obj)' 또는 'E:\Project\DXEngine\Debug\DirectXTex.pdb'에서 찾을 수 없습니다. 디버그 정보가 없는 것처럼 개체를 링크합니다.
DirectXTex.lib(BC6HBC7.obj) : warning LNK4099: 'DirectXTex.pdb' PDB를 'DirectXTex.lib(BC6HBC7.obj)' 또는 'E:\Project\DXEngine\Debug\DirectXTex.pdb'에서 찾을 수 없습니다. 디버그 정보가 없는 것처럼 개체를 링크합니다.
DirectXTex.lib(DirectXTexCompress.obj) : warning LNK4099: 'DirectXTex.pdb' PDB를 'DirectXTex.lib(DirectXTexCompress.obj)' 또는 'E:\Project\DXEngine\Debug\DirectXTex.pdb'에서 찾을 수 없습니다. 디버그 정보가 없는 것처럼 개체를 링크합니다.
DirectXTex.lib(DirectXTexConvert.obj) : warning LNK4099: 'DirectXTex.pdb' PDB를 'DirectXTex.lib(DirectXTexConvert.obj)' 또는 'E:\Project\DXEngine\Debug\DirectXTex.pdb'에서 찾을 수 없습니다. 디버그 정보가 없는 것처럼 개체를 링크합니다.
DirectXTex.lib(DirectXTexD3D11.obj) : warning LNK4099: 'DirectXTex.pdb' PDB를 'DirectXTex.lib(DirectXTexD3D11.obj)' 또는 'E:\Project\DXEngine\Debug\DirectXTex.pdb'에서 찾을 수 없습니다. 디버그 정보가 없는 것처럼 개체를 링크합니다.
DirectXTex.lib(DirectXTexDDS.obj) : warning LNK4099: 'DirectXTex.pdb' PDB를 'DirectXTex.lib(DirectXTexDDS.obj)' 또는 'E:\Project\DXEngine\Debug\DirectXTex.pdb'에서 찾을 수 없습니다. 디버그 정보가 없는 것처럼 개체를 링크합니다.
DirectXTex.lib(DirectXTexImage.obj) : warning LNK4099: 'DirectXTex.pdb' PDB를 'DirectXTex.lib(DirectXTexImage.obj)' 또는 'E:\Project\DXEngine\Debug\DirectXTex.pdb'에서 찾을 수 없습니다. 디버그 정보가 없는 것처럼 개체를 링크합니다.
DirectXTex.lib(DirectXTexMipMaps.obj) : warning LNK4099: 'DirectXTex.pdb' PDB를 'DirectXTex.lib(DirectXTexMipMaps.obj)' 또는 'E:\Project\DXEngine\Debug\DirectXTex.pdb'에서 찾을 수 없습니다. 디버그 정보가 없는 것처럼 개체를 링크합니다.
DirectXTex.lib(DirectXTexTGA.obj) : warning LNK4099: 'DirectXTex.pdb' PDB를 'DirectXTex.lib(DirectXTexTGA.obj)' 또는 'E:\Project\DXEngine\Debug\DirectXTex.pdb'에서 찾을 수 없습니다. 디버그 정보가 없는 것처럼 개체를 링크합니다.
DirectXTex.lib(DirectXTexUtil.obj) : warning LNK4099: 'DirectXTex.pdb' PDB를 'DirectXTex.lib(DirectXTexUtil.obj)' 또는 'E:\Project\DXEngine\Debug\DirectXTex.pdb'에서 찾을 수 없습니다. 디버그 정보가 없는 것처럼 개체를 링크합니다.
DirectXTex.lib(DirectXTexWIC.obj) : warning LNK4099: 'DirectXTex.pdb' PDB를 'DirectXTex.lib(DirectXTexWIC.obj)' 또는 'E:\Project\DXEngine\Debug\DirectXTex.pdb'에서 찾을 수 없습니다. 디버그 정보가 없는 것처럼 개체를 링크합니다.
  DXEngine.vcxproj -> E:\Project\DXEngine\Debug\DXEngine.exe
  DXEngine.vcxproj -> E:\Project\DXEngine\Debug\DXEngine.pdb (Full PDB)
