e:\project\dxengine\dxengine\debug\vc140.pdb
e:\project\dxengine\dxengine\debug\vc140.idb
e:\project\dxengine\dxengine\debug\dxmanager.obj
e:\project\dxengine\dxengine\debug\engine.obj
e:\project\dxengine\dxengine\debug\entity.obj
e:\project\dxengine\dxengine\debug\entitymanager.obj
e:\project\dxengine\dxengine\debug\framework.obj
e:\project\dxengine\dxengine\debug\gamescene.obj
e:\project\dxengine\dxengine\debug\graphics.obj
e:\project\dxengine\dxengine\debug\input.obj
e:\project\dxengine\dxengine\debug\main.obj
e:\project\dxengine\dxengine\debug\mesh.obj
e:\project\dxengine\dxengine\debug\player.obj
e:\project\dxengine\dxengine\debug\resourcemanager.obj
e:\project\dxengine\dxengine\debug\resourceshader.obj
e:\project\dxengine\dxengine\debug\resourcetexture.obj
e:\project\dxengine\dxengine\debug\shader.obj
e:\project\dxengine\dxengine\debug\sprite.obj
e:\project\dxengine\dxengine\debug\texture.obj
e:\project\dxengine\dxengine\debug\textureshader.obj
e:\project\dxengine\dxengine\debug\vertexbuffer.obj
e:\project\dxengine\debug\dxengine.ilk
e:\project\dxengine\debug\dxengine.exe
e:\project\dxengine\debug\dxengine.pdb
e:\project\dxengine\dxengine\debug\dxengine.tlog\cl.command.1.tlog
e:\project\dxengine\dxengine\debug\dxengine.tlog\cl.read.1.tlog
e:\project\dxengine\dxengine\debug\dxengine.tlog\cl.write.1.tlog
e:\project\dxengine\dxengine\debug\dxengine.tlog\link.command.1.tlog
e:\project\dxengine\dxengine\debug\dxengine.tlog\link.read.1.tlog
e:\project\dxengine\dxengine\debug\dxengine.tlog\link.write.1.tlog
